1647553331467:exit
1647554035390:jwt-gen --secret test
1647554056300:exit
1647554196553:jwt-gen -secret test
1647554202024:jwt-gen --secret test
1647554213935:stacktrace
1647554223055:clear
1647554227671:exit
1647554314229:jwt-get -secret test
1647554320308:stacktrace
1647554336268:jwt-get -secret test
1647554348059:jwt-gen -secret test
1647554406330:exit
1647554432827:jwt-gen -secret test
1647619383904:exit
1647619820331:jwt-gen -secret test
1647619830411:jwt-gen -secret test -issuer ""
1647619842147:stacktrace
1647619876298:jwt-gen -secret test -issuer he
1647619887242:jwt-gen -secret test -issuer \\"\\"
1647620219429:help jwt-gen
1647620233925:clear
1647620328818:exit
1647620479688:jwt-gen -secret test
1647621033600:exit
1647621236013:help
1647621279979:jwt-gen -secret test
1647630092730:exit
1647630368812:encrypt -input test -using-password c
1647630407827:exit
1647630547785:help
1647630584448:encrypt -value secret -using-password pa55word
1647630608847:decrypt -value 4bUtPCoerDBmqLfcqJUnxQ== -using-password pa55word
1647630618935:jwt-gen help
1647630633159:help jwt-gen
1647630658750:help encrypt
1647630669549:exit
1647683232338:encrypt
1647683242297:encrypt --value test
1647683293191:exit
1647683309008:encrypt
1647683315015:encrypt -value test
1647683326526:encrypt -value test -using-password test
1647683364772:exit
1647683381821:help encrypt
1647683419515:help decrypt
1647683442275:exit
1647777257516:java-env
1647777450177:exit
1647777467833:java-env
1647815635570:exit
